[INFO] 00:29:48:679 CPU/(7801:7801): Soy la CPU! Hice uso de la shared!
[INFO] 00:29:48:679 CPU/(7801:7801): INICIALIZANDO CONFIG
[INFO] 00:29:48:679 CPU/(7801:7801): LEO LA CONFIG
[INFO] 00:29:48:679 CPU/(7801:7801): LEO 1
[INFO] 00:29:48:679 CPU/(7801:7801): LEO 2
[INFO] 00:29:48:679 CPU/(7801:7801): LEO 3
[INFO] 00:29:48:679 CPU/(7801:7801): LEO 4
[INFO] 00:29:48:679 CPU/(7801:7801): LEO 5
[INFO] 00:29:48:679 CPU/(7801:7801): LEO 6
[INFO] 00:29:48:679 CPU/(7801:7801): LEO 7
[INFO] 00:29:48:679 CPU/(7801:7801): INICIALIZO LA CONFIG
[INFO] 00:29:48:679 CPU/(7801:7801): El CPU_DISPATCH tiene socket 4

[INFO] 00:29:48:679 CPU/(7801:7801): CREO LOS SOCKETS SERVER
[INFO] 00:29:48:679 CPU/(7801:7801): CREO LOS HILOS CONEXION
[INFO] 00:29:48:679 CPU/(7801:7801): ESPERANDO KERNEL DISPATCH
[INFO] 00:29:50:176 CPU/(7801:7801): SOCKETS SON: SRV=4 CLI=5
[INFO] 00:29:50:176 CPU/(7801:7801): ACEPTO CLIENTE
[INFO] 00:29:53:177 CPU/(7801:7804): ENTRO A ATENDER DISPATCH
[INFO] 00:29:53:177 CPU/(7801:7804): ENTRO AL WHILE (3 SEG)
[INFO] 00:29:56:182 CPU/(7801:7804): LISTO 3 SEG
[INFO] 00:30:09:450 CPU/(7801:7804): PID DEL PROCESO: 0
[INFO] 00:30:09:450 CPU/(7801:7804): ENTRO A ATENDER DISPATCH
[INFO] 00:33:12:696 CPU/(8053:8053): Soy la CPU! Hice uso de la shared!
[INFO] 00:33:12:696 CPU/(8053:8053): INICIALIZANDO CONFIG
[INFO] 00:33:12:696 CPU/(8053:8053): LEO LA CONFIG
[INFO] 00:33:12:696 CPU/(8053:8053): LEO 1
[INFO] 00:33:12:696 CPU/(8053:8053): LEO 2
[INFO] 00:33:12:696 CPU/(8053:8053): LEO 3
[INFO] 00:33:12:696 CPU/(8053:8053): LEO 4
[INFO] 00:33:12:696 CPU/(8053:8053): LEO 5
[INFO] 00:33:12:696 CPU/(8053:8053): LEO 6
[INFO] 00:33:12:696 CPU/(8053:8053): LEO 7
[INFO] 00:33:12:696 CPU/(8053:8053): INICIALIZO LA CONFIG
[INFO] 00:33:12:696 CPU/(8053:8053): El CPU_DISPATCH tiene socket 4

[INFO] 00:33:12:696 CPU/(8053:8053): CREO LOS SOCKETS SERVER
[INFO] 00:33:12:696 CPU/(8053:8053): CREO LOS HILOS CONEXION
[INFO] 00:33:12:696 CPU/(8053:8053): ESPERANDO KERNEL DISPATCH
[INFO] 00:33:14:126 CPU/(8053:8053): SOCKETS SON: SRV=4 CLI=5
[INFO] 00:33:14:126 CPU/(8053:8053): ACEPTO CLIENTE
[INFO] 00:33:17:139 CPU/(8053:8061): ENTRO A ATENDER DISPATCH
[INFO] 00:33:17:139 CPU/(8053:8061): ENTRO AL WHILE (3 SEG)
[INFO] 00:33:20:140 CPU/(8053:8061): LISTO 3 SEG
[INFO] 00:33:21:854 CPU/(8053:8061): PID DEL PROCESO: 0
[INFO] 00:33:21:854 CPU/(8053:8061): ENTRO A ATENDER DISPATCH
[INFO] 00:33:21:854 CPU/(8053:8061): ENTRO AL WHILE (3 SEG)
[INFO] 00:33:24:854 CPU/(8053:8061): LISTO 3 SEG
[INFO] 00:33:24:854 CPU/(8053:8061): PID DEL PROCESO: 0
[INFO] 00:33:24:854 CPU/(8053:8061): ENTRO A ATENDER DISPATCH
[INFO] 00:37:07:940 CPU/(8192:8192): Soy la CPU! Hice uso de la shared!
[INFO] 00:37:07:941 CPU/(8192:8192): INICIALIZANDO CONFIG
[INFO] 00:37:07:941 CPU/(8192:8192): LEO LA CONFIG
[INFO] 00:37:07:941 CPU/(8192:8192): LEO 1
[INFO] 00:37:07:941 CPU/(8192:8192): LEO 2
[INFO] 00:37:07:941 CPU/(8192:8192): LEO 3
[INFO] 00:37:07:941 CPU/(8192:8192): LEO 4
[INFO] 00:37:07:941 CPU/(8192:8192): LEO 5
[INFO] 00:37:07:941 CPU/(8192:8192): LEO 6
[INFO] 00:37:07:941 CPU/(8192:8192): LEO 7
[INFO] 00:37:07:941 CPU/(8192:8192): INICIALIZO LA CONFIG
[INFO] 00:37:07:941 CPU/(8192:8192): El CPU_DISPATCH tiene socket 4

[INFO] 00:37:07:941 CPU/(8192:8192): CREO LOS SOCKETS SERVER
[INFO] 00:37:07:941 CPU/(8192:8192): CREO LOS HILOS CONEXION
[INFO] 00:37:07:941 CPU/(8192:8192): ESPERANDO KERNEL DISPATCH
[INFO] 00:37:08:818 CPU/(8192:8192): SOCKETS SON: SRV=4 CLI=5
[INFO] 00:37:08:818 CPU/(8192:8192): ACEPTO CLIENTE
[INFO] 00:37:11:824 CPU/(8192:8195): ENTRO A ATENDER DISPATCH
[INFO] 00:37:11:824 CPU/(8192:8195): ENTRO AL WHILE (3 SEG)
[INFO] 00:37:14:826 CPU/(8192:8195): LISTO 3 SEG
[INFO] 00:37:14:827 CPU/(8192:8195): PID DEL PROCESO: 0
[INFO] 00:37:14:827 CPU/(8192:8195): ENTRO A ATENDER DISPATCH
[INFO] 00:37:14:828 CPU/(8192:8195): ENTRO AL WHILE (3 SEG)
[INFO] 00:37:17:856 CPU/(8192:8195): LISTO 3 SEG
[INFO] 00:37:48:232 CPU/(8265:8265): Soy la CPU! Hice uso de la shared!
[INFO] 00:37:48:232 CPU/(8265:8265): INICIALIZANDO CONFIG
[INFO] 00:37:48:232 CPU/(8265:8265): LEO LA CONFIG
[INFO] 00:37:48:232 CPU/(8265:8265): LEO 1
[INFO] 00:37:48:232 CPU/(8265:8265): LEO 2
[INFO] 00:37:48:233 CPU/(8265:8265): LEO 3
[INFO] 00:37:48:233 CPU/(8265:8265): LEO 4
[INFO] 00:37:48:233 CPU/(8265:8265): LEO 5
[INFO] 00:37:48:233 CPU/(8265:8265): LEO 6
[INFO] 00:37:48:233 CPU/(8265:8265): LEO 7
[INFO] 00:37:48:233 CPU/(8265:8265): INICIALIZO LA CONFIG
[INFO] 00:37:48:233 CPU/(8265:8265): El CPU_DISPATCH tiene socket 4

[INFO] 00:37:48:233 CPU/(8265:8265): CREO LOS SOCKETS SERVER
[INFO] 00:37:48:233 CPU/(8265:8265): CREO LOS HILOS CONEXION
[INFO] 00:37:48:233 CPU/(8265:8265): ESPERANDO KERNEL DISPATCH
[INFO] 00:37:49:402 CPU/(8265:8265): SOCKETS SON: SRV=4 CLI=5
[INFO] 00:37:49:402 CPU/(8265:8265): ACEPTO CLIENTE
[INFO] 00:37:52:403 CPU/(8265:8271): ENTRO A ATENDER DISPATCH
[INFO] 00:37:52:403 CPU/(8265:8271): ENTRO AL WHILE (3 SEG)
[INFO] 00:37:55:404 CPU/(8265:8271): LISTO 3 SEG
[INFO] 00:37:55:409 CPU/(8265:8271): PID DEL PROCESO: 0
[INFO] 00:37:55:409 CPU/(8265:8271): ENTRO A ATENDER DISPATCH
[INFO] 00:37:55:409 CPU/(8265:8271): ENTRO AL WHILE (3 SEG)
[INFO] 00:37:58:410 CPU/(8265:8271): LISTO 3 SEG
[INFO] 00:38:37:347 CPU/(8302:8302): Soy la CPU! Hice uso de la shared!
[INFO] 00:38:37:347 CPU/(8302:8302): INICIALIZANDO CONFIG
[INFO] 00:38:37:347 CPU/(8302:8302): LEO LA CONFIG
[INFO] 00:38:37:347 CPU/(8302:8302): LEO 1
[INFO] 00:38:37:347 CPU/(8302:8302): LEO 2
[INFO] 00:38:37:348 CPU/(8302:8302): LEO 3
[INFO] 00:38:37:348 CPU/(8302:8302): LEO 4
[INFO] 00:38:37:348 CPU/(8302:8302): LEO 5
[INFO] 00:38:37:348 CPU/(8302:8302): LEO 6
[INFO] 00:38:37:348 CPU/(8302:8302): LEO 7
[INFO] 00:38:37:348 CPU/(8302:8302): INICIALIZO LA CONFIG
[INFO] 00:38:37:348 CPU/(8302:8302): El CPU_DISPATCH tiene socket 4

[INFO] 00:38:37:348 CPU/(8302:8302): CREO LOS SOCKETS SERVER
[INFO] 00:38:37:348 CPU/(8302:8302): CREO LOS HILOS CONEXION
[INFO] 00:38:37:348 CPU/(8302:8302): ESPERANDO KERNEL DISPATCH
[INFO] 00:38:41:437 CPU/(8302:8302): SOCKETS SON: SRV=4 CLI=5
[INFO] 00:38:41:438 CPU/(8302:8302): ACEPTO CLIENTE
[INFO] 00:38:44:439 CPU/(8302:8311): ENTRO A ATENDER DISPATCH
[INFO] 00:38:44:439 CPU/(8302:8311): ENTRO AL WHILE (3 SEG)
[INFO] 00:38:47:442 CPU/(8302:8311): LISTO 3 SEG
[INFO] 00:38:49:482 CPU/(8302:8311): PID DEL PROCESO: 0
[INFO] 00:38:49:482 CPU/(8302:8311): ENTRO A ATENDER DISPATCH
[INFO] 00:38:49:482 CPU/(8302:8311): ENTRO AL WHILE (3 SEG)
[INFO] 00:38:52:484 CPU/(8302:8311): LISTO 3 SEG
[INFO] 00:38:52:484 CPU/(8302:8311): PID DEL PROCESO: 0
[INFO] 00:38:52:484 CPU/(8302:8311): ENTRO A ATENDER DISPATCH
[INFO] 00:41:35:021 CPU/(8459:8459): Soy la CPU! Hice uso de la shared!
[INFO] 00:41:35:022 CPU/(8459:8459): INICIALIZANDO CONFIG
[INFO] 00:41:35:022 CPU/(8459:8459): LEO LA CONFIG
[INFO] 00:41:35:023 CPU/(8459:8459): LEO 1
[INFO] 00:41:35:023 CPU/(8459:8459): LEO 2
[INFO] 00:41:35:023 CPU/(8459:8459): LEO 3
[INFO] 00:41:35:023 CPU/(8459:8459): LEO 4
[INFO] 00:41:35:023 CPU/(8459:8459): LEO 5
[INFO] 00:41:35:023 CPU/(8459:8459): LEO 6
[INFO] 00:41:35:023 CPU/(8459:8459): LEO 7
[INFO] 00:41:35:023 CPU/(8459:8459): INICIALIZO LA CONFIG
[INFO] 00:41:35:023 CPU/(8459:8459): El CPU_DISPATCH tiene socket 4

[INFO] 00:41:35:023 CPU/(8459:8459): CREO LOS SOCKETS SERVER
[INFO] 00:41:35:023 CPU/(8459:8459): CREO LOS HILOS CONEXION
[INFO] 00:41:35:023 CPU/(8459:8459): ESPERANDO KERNEL DISPATCH
[INFO] 00:41:37:508 CPU/(8459:8459): SOCKETS SON: SRV=4 CLI=5
[INFO] 00:41:37:508 CPU/(8459:8459): ACEPTO CLIENTE
[INFO] 00:41:40:509 CPU/(8459:8463): ENTRO A ATENDER DISPATCH
[INFO] 00:41:40:509 CPU/(8459:8463): ENTRO AL WHILE (3 SEG)
[INFO] 00:41:43:530 CPU/(8459:8463): LISTO 3 SEG
[INFO] 00:41:43:533 CPU/(8459:8463): PID DEL PROCESO: 0
[INFO] 00:41:43:533 CPU/(8459:8463): ENTRO A ATENDER DISPATCH
[INFO] 00:41:43:533 CPU/(8459:8463): ENTRO AL WHILE (3 SEG)
[INFO] 00:41:46:535 CPU/(8459:8463): LISTO 3 SEG
[INFO] 00:42:14:638 CPU/(8493:8493): Soy la CPU! Hice uso de la shared!
[INFO] 00:42:14:638 CPU/(8493:8493): INICIALIZANDO CONFIG
[INFO] 00:42:14:639 CPU/(8493:8493): LEO LA CONFIG
[INFO] 00:42:14:639 CPU/(8493:8493): LEO 1
[INFO] 00:42:14:639 CPU/(8493:8493): LEO 2
[INFO] 00:42:14:639 CPU/(8493:8493): LEO 3
[INFO] 00:42:14:639 CPU/(8493:8493): LEO 4
[INFO] 00:42:14:639 CPU/(8493:8493): LEO 5
[INFO] 00:42:14:639 CPU/(8493:8493): LEO 6
[INFO] 00:42:14:639 CPU/(8493:8493): LEO 7
[INFO] 00:42:14:639 CPU/(8493:8493): INICIALIZO LA CONFIG
[INFO] 00:42:14:639 CPU/(8493:8493): El CPU_DISPATCH tiene socket 4

[INFO] 00:42:14:639 CPU/(8493:8493): CREO LOS SOCKETS SERVER
[INFO] 00:42:14:639 CPU/(8493:8493): CREO LOS HILOS CONEXION
[INFO] 00:42:14:639 CPU/(8493:8493): ESPERANDO KERNEL DISPATCH
[INFO] 00:42:16:904 CPU/(8493:8493): SOCKETS SON: SRV=4 CLI=5
[INFO] 00:42:16:904 CPU/(8493:8493): ACEPTO CLIENTE
[INFO] 00:42:19:905 CPU/(8493:8504): ENTRO A ATENDER DISPATCH
[INFO] 00:42:19:905 CPU/(8493:8504): ENTRO AL WHILE (3 SEG)
[INFO] 00:42:22:906 CPU/(8493:8504): LISTO 3 SEG
[INFO] 00:42:22:909 CPU/(8493:8504): PID DEL PROCESO: 0
[INFO] 00:42:22:910 CPU/(8493:8504): ENTRO A ATENDER DISPATCH
[INFO] 00:42:22:910 CPU/(8493:8504): ENTRO AL WHILE (3 SEG)
[INFO] 00:42:25:919 CPU/(8493:8504): LISTO 3 SEG
[INFO] 00:43:54:743 CPU/(8596:8596): Soy la CPU! Hice uso de la shared!
[INFO] 00:43:54:743 CPU/(8596:8596): INICIALIZANDO CONFIG
[INFO] 00:43:54:744 CPU/(8596:8596): LEO LA CONFIG
[INFO] 00:43:54:744 CPU/(8596:8596): LEO 1
[INFO] 00:43:54:744 CPU/(8596:8596): LEO 2
[INFO] 00:43:54:744 CPU/(8596:8596): LEO 3
[INFO] 00:43:54:744 CPU/(8596:8596): LEO 4
[INFO] 00:43:54:744 CPU/(8596:8596): LEO 5
[INFO] 00:43:54:744 CPU/(8596:8596): LEO 6
[INFO] 00:43:54:744 CPU/(8596:8596): LEO 7
[INFO] 00:43:54:744 CPU/(8596:8596): INICIALIZO LA CONFIG
[INFO] 00:43:54:744 CPU/(8596:8596): El CPU_DISPATCH tiene socket 4

[INFO] 00:43:54:744 CPU/(8596:8596): CREO LOS SOCKETS SERVER
[INFO] 00:43:54:744 CPU/(8596:8596): CREO LOS HILOS CONEXION
[INFO] 00:43:54:744 CPU/(8596:8596): ESPERANDO KERNEL DISPATCH
[INFO] 00:43:56:663 CPU/(8596:8596): SOCKETS SON: SRV=4 CLI=5
[INFO] 00:43:56:663 CPU/(8596:8596): ACEPTO CLIENTE
[INFO] 00:43:59:664 CPU/(8596:8618): ENTRO A ATENDER DISPATCH
[INFO] 00:43:59:664 CPU/(8596:8618): ENTRO AL WHILE (3 SEG)
[INFO] 00:44:02:665 CPU/(8596:8618): LISTO 3 SEG
[INFO] 00:44:02:667 CPU/(8596:8618): PID DEL PROCESO: 0
[INFO] 00:44:02:667 CPU/(8596:8618): ENTRO A ATENDER DISPATCH
[INFO] 00:44:02:667 CPU/(8596:8618): ENTRO AL WHILE (3 SEG)
[INFO] 00:44:05:668 CPU/(8596:8618): LISTO 3 SEG
[INFO] 00:44:41:316 CPU/(8705:8705): Soy la CPU! Hice uso de la shared!
[INFO] 00:44:41:317 CPU/(8705:8705): INICIALIZANDO CONFIG
[INFO] 00:44:41:317 CPU/(8705:8705): LEO LA CONFIG
[INFO] 00:44:41:317 CPU/(8705:8705): LEO 1
[INFO] 00:44:41:317 CPU/(8705:8705): LEO 2
[INFO] 00:44:41:317 CPU/(8705:8705): LEO 3
[INFO] 00:44:41:317 CPU/(8705:8705): LEO 4
[INFO] 00:44:41:317 CPU/(8705:8705): LEO 5
[INFO] 00:44:41:317 CPU/(8705:8705): LEO 6
[INFO] 00:44:41:317 CPU/(8705:8705): LEO 7
[INFO] 00:44:41:317 CPU/(8705:8705): INICIALIZO LA CONFIG
[INFO] 00:44:41:317 CPU/(8705:8705): El CPU_DISPATCH tiene socket 4

[INFO] 00:44:41:317 CPU/(8705:8705): CREO LOS SOCKETS SERVER
[INFO] 00:44:41:317 CPU/(8705:8705): CREO LOS HILOS CONEXION
[INFO] 00:44:41:317 CPU/(8705:8705): ESPERANDO KERNEL DISPATCH
[INFO] 00:44:41:664 CPU/(8705:8705): SOCKETS SON: SRV=4 CLI=5
[INFO] 00:44:41:664 CPU/(8705:8705): ACEPTO CLIENTE
[INFO] 00:44:44:665 CPU/(8705:8708): ENTRO A ATENDER DISPATCH
[INFO] 00:44:44:665 CPU/(8705:8708): ENTRO AL WHILE (3 SEG)
[INFO] 00:44:47:666 CPU/(8705:8708): LISTO 3 SEG
[INFO] 00:44:47:668 CPU/(8705:8708): PID DEL PROCESO: 0
[INFO] 00:44:47:668 CPU/(8705:8708): ENTRO A ATENDER DISPATCH
[INFO] 00:44:47:669 CPU/(8705:8708): ENTRO AL WHILE (3 SEG)
[INFO] 00:44:50:677 CPU/(8705:8708): LISTO 3 SEG
[INFO] 00:44:50:677 CPU/(8705:8708): PID DEL PROCESO: 0
[INFO] 00:44:50:677 CPU/(8705:8708): ENTRO A ATENDER DISPATCH
[INFO] 00:45:47:507 CPU/(8772:8772): Soy la CPU! Hice uso de la shared!
[INFO] 00:45:47:507 CPU/(8772:8772): INICIALIZANDO CONFIG
[INFO] 00:45:47:507 CPU/(8772:8772): LEO LA CONFIG
[INFO] 00:45:47:507 CPU/(8772:8772): LEO 1
[INFO] 00:45:47:507 CPU/(8772:8772): LEO 2
[INFO] 00:45:47:507 CPU/(8772:8772): LEO 3
[INFO] 00:45:47:507 CPU/(8772:8772): LEO 4
[INFO] 00:45:47:507 CPU/(8772:8772): LEO 5
[INFO] 00:45:47:507 CPU/(8772:8772): LEO 6
[INFO] 00:45:47:507 CPU/(8772:8772): LEO 7
[INFO] 00:45:47:507 CPU/(8772:8772): INICIALIZO LA CONFIG
[INFO] 00:45:47:507 CPU/(8772:8772): El CPU_DISPATCH tiene socket 4

[INFO] 00:45:47:507 CPU/(8772:8772): CREO LOS SOCKETS SERVER
[INFO] 00:45:47:507 CPU/(8772:8772): CREO LOS HILOS CONEXION
[INFO] 00:45:47:507 CPU/(8772:8772): ESPERANDO KERNEL DISPATCH
[INFO] 00:45:48:758 CPU/(8772:8772): SOCKETS SON: SRV=4 CLI=5
[INFO] 00:45:48:758 CPU/(8772:8772): ACEPTO CLIENTE
[INFO] 00:45:51:762 CPU/(8772:8787): ENTRO A ATENDER DISPATCH
[INFO] 00:45:51:762 CPU/(8772:8787): ENTRO AL WHILE (3 SEG)
[INFO] 00:45:54:765 CPU/(8772:8787): LISTO 3 SEG
[INFO] 00:45:54:765 CPU/(8772:8787): PID DEL PROCESO: 0
[INFO] 00:45:54:765 CPU/(8772:8787): ENTRO A ATENDER DISPATCH
[INFO] 00:45:54:766 CPU/(8772:8787): ENTRO AL WHILE (3 SEG)
[INFO] 00:45:57:767 CPU/(8772:8787): LISTO 3 SEG
[INFO] 00:45:57:767 CPU/(8772:8787): PID DEL PROCESO: 0
[INFO] 00:45:57:767 CPU/(8772:8787): ENTRO A ATENDER DISPATCH
[INFO] 00:46:42:965 CPU/(8862:8862): Soy la CPU! Hice uso de la shared!
[INFO] 00:46:42:966 CPU/(8862:8862): INICIALIZANDO CONFIG
[INFO] 00:46:42:966 CPU/(8862:8862): LEO LA CONFIG
[INFO] 00:46:42:966 CPU/(8862:8862): LEO 1
[INFO] 00:46:42:966 CPU/(8862:8862): LEO 2
[INFO] 00:46:42:966 CPU/(8862:8862): LEO 3
[INFO] 00:46:42:966 CPU/(8862:8862): LEO 4
[INFO] 00:46:42:966 CPU/(8862:8862): LEO 5
[INFO] 00:46:42:966 CPU/(8862:8862): LEO 6
[INFO] 00:46:42:966 CPU/(8862:8862): LEO 7
[INFO] 00:46:42:966 CPU/(8862:8862): INICIALIZO LA CONFIG
[INFO] 00:46:42:966 CPU/(8862:8862): El CPU_DISPATCH tiene socket 4

[INFO] 00:46:42:966 CPU/(8862:8862): CREO LOS SOCKETS SERVER
[INFO] 00:46:42:966 CPU/(8862:8862): CREO LOS HILOS CONEXION
[INFO] 00:46:42:966 CPU/(8862:8862): ESPERANDO KERNEL DISPATCH
[INFO] 00:46:44:597 CPU/(8862:8862): SOCKETS SON: SRV=4 CLI=5
[INFO] 00:46:44:598 CPU/(8862:8862): ACEPTO CLIENTE
[INFO] 00:46:47:599 CPU/(8862:8874): ENTRO A ATENDER DISPATCH
[INFO] 00:46:47:599 CPU/(8862:8874): ENTRO AL WHILE (3 SEG)
[INFO] 00:46:50:606 CPU/(8862:8874): LISTO 3 SEG
[INFO] 00:46:50:613 CPU/(8862:8874): PID DEL PROCESO: 0
[INFO] 00:46:50:613 CPU/(8862:8874): ENTRO A ATENDER DISPATCH
[INFO] 00:46:50:613 CPU/(8862:8874): ENTRO AL WHILE (3 SEG)
[INFO] 00:46:53:614 CPU/(8862:8874): LISTO 3 SEG
[INFO] 00:47:51:161 CPU/(8931:8931): Soy la CPU! Hice uso de la shared!
[INFO] 00:47:51:161 CPU/(8931:8931): INICIALIZANDO CONFIG
[INFO] 00:47:51:161 CPU/(8931:8931): LEO LA CONFIG
[INFO] 00:47:51:161 CPU/(8931:8931): LEO 1
[INFO] 00:47:51:161 CPU/(8931:8931): LEO 2
[INFO] 00:47:51:161 CPU/(8931:8931): LEO 3
[INFO] 00:47:51:161 CPU/(8931:8931): LEO 4
[INFO] 00:47:51:161 CPU/(8931:8931): LEO 5
[INFO] 00:47:51:161 CPU/(8931:8931): LEO 6
[INFO] 00:47:51:161 CPU/(8931:8931): LEO 7
[INFO] 00:47:51:161 CPU/(8931:8931): INICIALIZO LA CONFIG
[INFO] 00:47:51:161 CPU/(8931:8931): El CPU_DISPATCH tiene socket 4

[INFO] 00:47:51:161 CPU/(8931:8931): CREO LOS SOCKETS SERVER
[INFO] 00:47:51:162 CPU/(8931:8931): CREO LOS HILOS CONEXION
[INFO] 00:47:51:162 CPU/(8931:8931): ESPERANDO KERNEL DISPATCH
[INFO] 00:47:52:594 CPU/(8931:8931): SOCKETS SON: SRV=4 CLI=5
[INFO] 00:47:52:594 CPU/(8931:8931): ACEPTO CLIENTE
[INFO] 00:47:55:594 CPU/(8931:8946): ENTRO A ATENDER DISPATCH
[INFO] 00:47:55:594 CPU/(8931:8946): ENTRO AL WHILE (3 SEG)
[INFO] 00:47:58:621 CPU/(8931:8946): LISTO 3 SEG
[INFO] 00:47:58:621 CPU/(8931:8946): PID DEL PROCESO: 0
[INFO] 00:47:58:621 CPU/(8931:8946): ENTRO A ATENDER DISPATCH
[INFO] 00:47:58:621 CPU/(8931:8946): ENTRO AL WHILE (3 SEG)
[INFO] 00:48:01:622 CPU/(8931:8946): LISTO 3 SEG
[INFO] 00:48:40:102 CPU/(8998:8998): Soy la CPU! Hice uso de la shared!
[INFO] 00:48:40:102 CPU/(8998:8998): INICIALIZANDO CONFIG
[INFO] 00:48:40:102 CPU/(8998:8998): LEO LA CONFIG
[INFO] 00:48:40:102 CPU/(8998:8998): LEO 1
[INFO] 00:48:40:102 CPU/(8998:8998): LEO 2
[INFO] 00:48:40:102 CPU/(8998:8998): LEO 3
[INFO] 00:48:40:102 CPU/(8998:8998): LEO 4
[INFO] 00:48:40:102 CPU/(8998:8998): LEO 5
[INFO] 00:48:40:102 CPU/(8998:8998): LEO 6
[INFO] 00:48:40:102 CPU/(8998:8998): LEO 7
[INFO] 00:48:40:102 CPU/(8998:8998): INICIALIZO LA CONFIG
[INFO] 00:48:40:102 CPU/(8998:8998): El CPU_DISPATCH tiene socket 4

[INFO] 00:48:40:102 CPU/(8998:8998): CREO LOS SOCKETS SERVER
[INFO] 00:48:40:102 CPU/(8998:8998): CREO LOS HILOS CONEXION
[INFO] 00:48:40:102 CPU/(8998:8998): ESPERANDO KERNEL DISPATCH
[INFO] 00:48:40:834 CPU/(8998:8998): SOCKETS SON: SRV=4 CLI=5
[INFO] 00:48:40:834 CPU/(8998:8998): ACEPTO CLIENTE
[INFO] 00:48:43:837 CPU/(8998:9013): ENTRO A ATENDER DISPATCH
[INFO] 00:48:43:837 CPU/(8998:9013): ENTRO AL WHILE (3 SEG)
[INFO] 00:48:46:840 CPU/(8998:9013): LISTO 3 SEG
[INFO] 00:48:46:840 CPU/(8998:9013): PID DEL PROCESO: 0
[INFO] 00:48:46:840 CPU/(8998:9013): ENTRO A ATENDER DISPATCH
[INFO] 00:48:46:840 CPU/(8998:9013): ENTRO AL WHILE (3 SEG)
[INFO] 00:48:49:841 CPU/(8998:9013): LISTO 3 SEG
[INFO] 00:49:29:422 CPU/(9081:9081): Soy la CPU! Hice uso de la shared!
[INFO] 00:49:29:422 CPU/(9081:9081): INICIALIZANDO CONFIG
[INFO] 00:49:29:422 CPU/(9081:9081): LEO LA CONFIG
[INFO] 00:49:29:422 CPU/(9081:9081): LEO 1
[INFO] 00:49:29:422 CPU/(9081:9081): LEO 2
[INFO] 00:49:29:422 CPU/(9081:9081): LEO 3
[INFO] 00:49:29:422 CPU/(9081:9081): LEO 4
[INFO] 00:49:29:422 CPU/(9081:9081): LEO 5
[INFO] 00:49:29:422 CPU/(9081:9081): LEO 6
[INFO] 00:49:29:422 CPU/(9081:9081): LEO 7
[INFO] 00:49:29:422 CPU/(9081:9081): INICIALIZO LA CONFIG
[INFO] 00:49:29:422 CPU/(9081:9081): El CPU_DISPATCH tiene socket 4

[INFO] 00:49:29:422 CPU/(9081:9081): CREO LOS SOCKETS SERVER
[INFO] 00:49:29:423 CPU/(9081:9081): CREO LOS HILOS CONEXION
[INFO] 00:49:29:423 CPU/(9081:9081): ESPERANDO KERNEL DISPATCH
[INFO] 00:49:30:708 CPU/(9081:9081): SOCKETS SON: SRV=4 CLI=5
[INFO] 00:49:30:708 CPU/(9081:9081): ACEPTO CLIENTE
[INFO] 00:49:33:710 CPU/(9081:9087): ENTRO A ATENDER DISPATCH
[INFO] 00:49:33:710 CPU/(9081:9087): ENTRO AL WHILE (3 SEG)
[INFO] 00:49:36:711 CPU/(9081:9087): LISTO 3 SEG
[INFO] 00:49:36:713 CPU/(9081:9087): PID DEL PROCESO: 0
[INFO] 00:49:36:713 CPU/(9081:9087): ENTRO A ATENDER DISPATCH
[INFO] 00:49:36:714 CPU/(9081:9087): ENTRO AL WHILE (3 SEG)
[INFO] 00:49:39:716 CPU/(9081:9087): LISTO 3 SEG
[INFO] 00:52:00:233 CPU/(9334:9334): Soy la CPU! Hice uso de la shared!
[INFO] 00:52:00:233 CPU/(9334:9334): INICIALIZANDO CONFIG
[INFO] 00:52:00:233 CPU/(9334:9334): LEO LA CONFIG
[INFO] 00:52:00:233 CPU/(9334:9334): LEO 1
[INFO] 00:52:00:233 CPU/(9334:9334): LEO 2
[INFO] 00:52:00:233 CPU/(9334:9334): LEO 3
[INFO] 00:52:00:233 CPU/(9334:9334): LEO 4
[INFO] 00:52:00:233 CPU/(9334:9334): LEO 5
[INFO] 00:52:00:233 CPU/(9334:9334): LEO 6
[INFO] 00:52:00:233 CPU/(9334:9334): LEO 7
[INFO] 00:52:00:233 CPU/(9334:9334): INICIALIZO LA CONFIG
[INFO] 00:52:00:233 CPU/(9334:9334): El CPU_DISPATCH tiene socket 4

[INFO] 00:52:00:233 CPU/(9334:9334): CREO LOS SOCKETS SERVER
[INFO] 00:52:00:233 CPU/(9334:9334): CREO LOS HILOS CONEXION
[INFO] 00:52:00:233 CPU/(9334:9334): ESPERANDO KERNEL DISPATCH
[INFO] 00:52:49:942 CPU/(9362:9362): Soy la CPU! Hice uso de la shared!
[INFO] 00:52:49:942 CPU/(9362:9362): INICIALIZANDO CONFIG
[INFO] 00:52:49:942 CPU/(9362:9362): LEO LA CONFIG
[INFO] 00:52:49:942 CPU/(9362:9362): LEO 1
[INFO] 00:52:49:942 CPU/(9362:9362): LEO 2
[INFO] 00:52:49:942 CPU/(9362:9362): LEO 3
[INFO] 00:52:49:942 CPU/(9362:9362): LEO 4
[INFO] 00:52:49:942 CPU/(9362:9362): LEO 5
[INFO] 00:52:49:942 CPU/(9362:9362): LEO 6
[INFO] 00:52:49:942 CPU/(9362:9362): LEO 7
[INFO] 00:52:49:942 CPU/(9362:9362): INICIALIZO LA CONFIG
[INFO] 00:52:49:942 CPU/(9362:9362): El CPU_DISPATCH tiene socket 4

[INFO] 00:52:49:942 CPU/(9362:9362): CREO LOS SOCKETS SERVER
[INFO] 00:52:49:942 CPU/(9362:9362): CREO LOS HILOS CONEXION
[INFO] 00:52:49:942 CPU/(9362:9362): ESPERANDO KERNEL DISPATCH
[INFO] 00:52:51:087 CPU/(9362:9362): SOCKETS SON: SRV=4 CLI=5
[INFO] 00:52:51:087 CPU/(9362:9362): ACEPTO CLIENTE
[INFO] 00:52:54:088 CPU/(9362:9365): ENTRO A ATENDER DISPATCH
[INFO] 00:52:54:088 CPU/(9362:9365): ENTRO AL WHILE (3 SEG)
[INFO] 00:52:57:088 CPU/(9362:9365): LISTO 3 SEG
[INFO] 00:52:57:091 CPU/(9362:9365): PID DEL PROCESO: 0
[INFO] 00:52:57:092 CPU/(9362:9365): ENTRO A ATENDER DISPATCH
[INFO] 00:52:57:092 CPU/(9362:9365): ENTRO AL WHILE (3 SEG)
[INFO] 00:53:00:092 CPU/(9362:9365): LISTO 3 SEG
[INFO] 00:54:30:273 CPU/(9403:9403): Soy la CPU! Hice uso de la shared!
[INFO] 00:54:30:274 CPU/(9403:9403): INICIALIZANDO CONFIG
[INFO] 00:54:30:274 CPU/(9403:9403): LEO LA CONFIG
[INFO] 00:54:30:274 CPU/(9403:9403): LEO 1
[INFO] 00:54:30:274 CPU/(9403:9403): LEO 2
[INFO] 00:54:30:274 CPU/(9403:9403): LEO 3
[INFO] 00:54:30:274 CPU/(9403:9403): LEO 4
[INFO] 00:54:30:274 CPU/(9403:9403): LEO 5
[INFO] 00:54:30:274 CPU/(9403:9403): LEO 6
[INFO] 00:54:30:274 CPU/(9403:9403): LEO 7
[INFO] 00:54:30:274 CPU/(9403:9403): INICIALIZO LA CONFIG
[INFO] 00:54:30:274 CPU/(9403:9403): El CPU_DISPATCH tiene socket 4

[INFO] 00:54:30:274 CPU/(9403:9403): CREO LOS SOCKETS SERVER
[INFO] 00:54:30:274 CPU/(9403:9403): CREO LOS HILOS CONEXION
[INFO] 00:54:30:274 CPU/(9403:9403): ESPERANDO KERNEL DISPATCH
[INFO] 00:54:32:244 CPU/(9403:9403): SOCKETS SON: SRV=4 CLI=5
[INFO] 00:54:32:244 CPU/(9403:9403): ACEPTO CLIENTE
[INFO] 00:54:35:247 CPU/(9403:9412): ENTRO A ATENDER DISPATCH
[INFO] 00:54:35:247 CPU/(9403:9412): ENTRO AL WHILE (3 SEG)
[INFO] 00:54:38:249 CPU/(9403:9412): LISTO 3 SEG
[INFO] 00:54:38:253 CPU/(9403:9412): PID DEL PROCESO: 0
[INFO] 00:54:38:253 CPU/(9403:9412): ENTRO A ATENDER DISPATCH
[INFO] 00:54:38:254 CPU/(9403:9412): ENTRO AL WHILE (3 SEG)
[INFO] 00:54:41:254 CPU/(9403:9412): LISTO 3 SEG
